<?xml version="1.0" encoding="UTF-8"?>
<!-- Generated by org.testng.reporters.JUnitReportReporter -->
<testsuite skipped="0" hostname="Ravi_M_Laptop" name="SeatSeller.MavenAutomation.Ecomerce_FormFill_TC" tests="1" failures="0" timestamp="2021-08-02T19:35:26 IST" time="55.121" errors="0">
  <testcase name="ecommerce" time="55.121" classname="SeatSeller.MavenAutomation.Ecomerce_FormFill_TC"/>
  <system-out/>
</testsuite> <!-- SeatSeller.MavenAutomation.Ecomerce_FormFill_TC -->
