<?xml version="1.0" encoding="UTF-8"?>
<!-- Generated by org.testng.reporters.JUnitReportReporter -->
<testsuite skipped="0" hostname="Ravi_M_Laptop" name="Sample" tests="1" failures="0" timestamp="2021-07-30T12:01:12 IST" time="10.067" errors="0">
  <testcase name="startServer" time="10.067" classname="Sample"/>
  <system-out/>
</testsuite> <!-- Sample -->
