<?xml version="1.0" encoding="UTF-8"?>
<!-- Generated by org.testng.reporters.JUnitReportReporter -->
<testsuite skipped="0" hostname="Ravi_M_Laptop" name="PgmServer" tests="1" failures="0" timestamp="2021-07-30T13:23:20 IST" time="10.040" errors="0">
  <testcase name="startServer" time="10.040" classname="PgmServer"/>
  <system-out/>
</testsuite> <!-- PgmServer -->
