<?xml version="1.0" encoding="UTF-8"?>
<!-- Generated by org.testng.reporters.JUnitReportReporter -->
<testsuite skipped="0" hostname="Ravi_M_Laptop" name="SeatSeller.MavenAutomation.SsLoginSuccess" tests="1" failures="0" timestamp="2021-08-02T19:35:26 IST" time="139.416" errors="0">
  <testcase name="ssTest" time="139.416" classname="SeatSeller.MavenAutomation.SsLoginSuccess"/>
  <system-out/>
</testsuite> <!-- SeatSeller.MavenAutomation.SsLoginSuccess -->
